running egg_info
writing ../../build/rctf_lab1/rctf_lab1.egg-info/PKG-INFO
writing dependency_links to ../../build/rctf_lab1/rctf_lab1.egg-info/dependency_links.txt
writing entry points to ../../build/rctf_lab1/rctf_lab1.egg-info/entry_points.txt
writing requirements to ../../build/rctf_lab1/rctf_lab1.egg-info/requires.txt
writing top-level names to ../../build/rctf_lab1/rctf_lab1.egg-info/top_level.txt
reading manifest file '../../build/rctf_lab1/rctf_lab1.egg-info/SOURCES.txt'
writing manifest file '../../build/rctf_lab1/rctf_lab1.egg-info/SOURCES.txt'
running build
running build_py
copying rctf_lab1/cpu_load_generator.py -> /home/ros2/Desktop/lab/lab1/ros2_ws/build/rctf_lab1/build/lib/rctf_lab1
running install
running install_lib
copying /home/ros2/Desktop/lab/lab1/ros2_ws/build/rctf_lab1/build/lib/rctf_lab1/cpu_load_generator.py -> /home/ros2/Desktop/lab/lab1/ros2_ws/install/rctf_lab1/lib/python3.12/site-packages/rctf_lab1
byte-compiling /home/ros2/Desktop/lab/lab1/ros2_ws/install/rctf_lab1/lib/python3.12/site-packages/rctf_lab1/cpu_load_generator.py to cpu_load_generator.cpython-312.pyc
running install_data
running install_egg_info
removing '/home/ros2/Desktop/lab/lab1/ros2_ws/install/rctf_lab1/lib/python3.12/site-packages/rctf_lab1-0.0.0-py3.12.egg-info' (and everything under it)
Copying ../../build/rctf_lab1/rctf_lab1.egg-info to /home/ros2/Desktop/lab/lab1/ros2_ws/install/rctf_lab1/lib/python3.12/site-packages/rctf_lab1-0.0.0-py3.12.egg-info
running install_scripts
Installing rctf_lab1_controller script to /home/ros2/Desktop/lab/lab1/ros2_ws/install/rctf_lab1/lib/rctf_lab1
Installing rctf_lab1_cpu_load_generator script to /home/ros2/Desktop/lab/lab1/ros2_ws/install/rctf_lab1/lib/rctf_lab1
Installing rctf_lab1_cpu_monitor script to /home/ros2/Desktop/lab/lab1/ros2_ws/install/rctf_lab1/lib/rctf_lab1
Installing rctf_lab1_normal_pub script to /home/ros2/Desktop/lab/lab1/ros2_ws/install/rctf_lab1/lib/rctf_lab1
writing list of installed files to '/home/ros2/Desktop/lab/lab1/ros2_ws/build/rctf_lab1/install.log'
