running egg_info
writing ../../build/quiksand_lab2/quiksand_lab2.egg-info/PKG-INFO
writing dependency_links to ../../build/quiksand_lab2/quiksand_lab2.egg-info/dependency_links.txt
writing entry points to ../../build/quiksand_lab2/quiksand_lab2.egg-info/entry_points.txt
writing requirements to ../../build/quiksand_lab2/quiksand_lab2.egg-info/requires.txt
writing top-level names to ../../build/quiksand_lab2/quiksand_lab2.egg-info/top_level.txt
reading manifest file '../../build/quiksand_lab2/quiksand_lab2.egg-info/SOURCES.txt'
writing manifest file '../../build/quiksand_lab2/quiksand_lab2.egg-info/SOURCES.txt'
running build
running build_py
copying quiksand_lab2/quiksand_node2.py -> /home/ros/lab2/ros2_ws/build/quiksand_lab2/build/lib/quiksand_lab2
running install
running install_lib
copying /home/ros/lab2/ros2_ws/build/quiksand_lab2/build/lib/quiksand_lab2/quiksand_node2.py -> /home/ros/lab2/ros2_ws/install/quiksand_lab2/lib/python3.12/site-packages/quiksand_lab2
byte-compiling /home/ros/lab2/ros2_ws/install/quiksand_lab2/lib/python3.12/site-packages/quiksand_lab2/quiksand_node2.py to quiksand_node2.cpython-312.pyc
running install_data
running install_egg_info
removing '/home/ros/lab2/ros2_ws/install/quiksand_lab2/lib/python3.12/site-packages/quiksand_lab2-0.0.0-py3.12.egg-info' (and everything under it)
Copying ../../build/quiksand_lab2/quiksand_lab2.egg-info to /home/ros/lab2/ros2_ws/install/quiksand_lab2/lib/python3.12/site-packages/quiksand_lab2-0.0.0-py3.12.egg-info
running install_scripts
Installing quiksand_node2 script to /home/ros/lab2/ros2_ws/install/quiksand_lab2/lib/quiksand_lab2
writing list of installed files to '/home/ros/lab2/ros2_ws/build/quiksand_lab2/install.log'
