/home/ros2/Desktop/lab/lab1/ros2_ws/install/rctf_lab1/lib/python3.12/site-packages/rctf_lab1/controller.py
/home/ros2/Desktop/lab/lab1/ros2_ws/install/rctf_lab1/lib/python3.12/site-packages/rctf_lab1/cpu_load_generator.py
/home/ros2/Desktop/lab/lab1/ros2_ws/install/rctf_lab1/lib/python3.12/site-packages/rctf_lab1/cpu_monitor.py
/home/ros2/Desktop/lab/lab1/ros2_ws/install/rctf_lab1/lib/python3.12/site-packages/rctf_lab1/__init__.py
/home/ros2/Desktop/lab/lab1/ros2_ws/install/rctf_lab1/lib/python3.12/site-packages/rctf_lab1/normal_pub.py
/home/ros2/Desktop/lab/lab1/ros2_ws/install/rctf_lab1/lib/python3.12/site-packages/rctf_lab1/__pycache__/controller.cpython-312.pyc
/home/ros2/Desktop/lab/lab1/ros2_ws/install/rctf_lab1/lib/python3.12/site-packages/rctf_lab1/__pycache__/cpu_load_generator.cpython-312.pyc
/home/ros2/Desktop/lab/lab1/ros2_ws/install/rctf_lab1/lib/python3.12/site-packages/rctf_lab1/__pycache__/cpu_monitor.cpython-312.pyc
/home/ros2/Desktop/lab/lab1/ros2_ws/install/rctf_lab1/lib/python3.12/site-packages/rctf_lab1/__pycache__/__init__.cpython-312.pyc
/home/ros2/Desktop/lab/lab1/ros2_ws/install/rctf_lab1/lib/python3.12/site-packages/rctf_lab1/__pycache__/normal_pub.cpython-312.pyc
/home/ros2/Desktop/lab/lab1/ros2_ws/install/rctf_lab1/share/ament_index/resource_index/packages/rctf_lab1
/home/ros2/Desktop/lab/lab1/ros2_ws/install/rctf_lab1/share/rctf_lab1/package.xml
/home/ros2/Desktop/lab/lab1/ros2_ws/install/rctf_lab1/lib/python3.12/site-packages/rctf_lab1-0.0.0-py3.12.egg-info/dependency_links.txt
/home/ros2/Desktop/lab/lab1/ros2_ws/install/rctf_lab1/lib/python3.12/site-packages/rctf_lab1-0.0.0-py3.12.egg-info/SOURCES.txt
/home/ros2/Desktop/lab/lab1/ros2_ws/install/rctf_lab1/lib/python3.12/site-packages/rctf_lab1-0.0.0-py3.12.egg-info/PKG-INFO
/home/ros2/Desktop/lab/lab1/ros2_ws/install/rctf_lab1/lib/python3.12/site-packages/rctf_lab1-0.0.0-py3.12.egg-info/entry_points.txt
/home/ros2/Desktop/lab/lab1/ros2_ws/install/rctf_lab1/lib/python3.12/site-packages/rctf_lab1-0.0.0-py3.12.egg-info/requires.txt
/home/ros2/Desktop/lab/lab1/ros2_ws/install/rctf_lab1/lib/python3.12/site-packages/rctf_lab1-0.0.0-py3.12.egg-info/top_level.txt
/home/ros2/Desktop/lab/lab1/ros2_ws/install/rctf_lab1/lib/python3.12/site-packages/rctf_lab1-0.0.0-py3.12.egg-info/zip-safe
/home/ros2/Desktop/lab/lab1/ros2_ws/install/rctf_lab1/lib/rctf_lab1/rctf_lab1_controller
/home/ros2/Desktop/lab/lab1/ros2_ws/install/rctf_lab1/lib/rctf_lab1/rctf_lab1_cpu_load_generator
/home/ros2/Desktop/lab/lab1/ros2_ws/install/rctf_lab1/lib/rctf_lab1/rctf_lab1_cpu_monitor
/home/ros2/Desktop/lab/lab1/ros2_ws/install/rctf_lab1/lib/rctf_lab1/rctf_lab1_normal_pub
