running egg_info
creating ../../build/quiksand_lab2/quiksand_lab2.egg-info
writing ../../build/quiksand_lab2/quiksand_lab2.egg-info/PKG-INFO
writing dependency_links to ../../build/quiksand_lab2/quiksand_lab2.egg-info/dependency_links.txt
writing entry points to ../../build/quiksand_lab2/quiksand_lab2.egg-info/entry_points.txt
writing requirements to ../../build/quiksand_lab2/quiksand_lab2.egg-info/requires.txt
writing top-level names to ../../build/quiksand_lab2/quiksand_lab2.egg-info/top_level.txt
writing manifest file '../../build/quiksand_lab2/quiksand_lab2.egg-info/SOURCES.txt'
reading manifest file '../../build/quiksand_lab2/quiksand_lab2.egg-info/SOURCES.txt'
writing manifest file '../../build/quiksand_lab2/quiksand_lab2.egg-info/SOURCES.txt'
running build
running build_py
creating /home/ros/lab2/ros2_ws/build/quiksand_lab2/build
creating /home/ros/lab2/ros2_ws/build/quiksand_lab2/build/lib
creating /home/ros/lab2/ros2_ws/build/quiksand_lab2/build/lib/quiksand_lab2
copying quiksand_lab2/__init__.py -> /home/ros/lab2/ros2_ws/build/quiksand_lab2/build/lib/quiksand_lab2
copying quiksand_lab2/quiksand-node2.py -> /home/ros/lab2/ros2_ws/build/quiksand_lab2/build/lib/quiksand_lab2
running install
running install_lib
creating /home/ros/lab2/ros2_ws/install/quiksand_lab2/lib/python3.12/site-packages/quiksand_lab2
copying /home/ros/lab2/ros2_ws/build/quiksand_lab2/build/lib/quiksand_lab2/__init__.py -> /home/ros/lab2/ros2_ws/install/quiksand_lab2/lib/python3.12/site-packages/quiksand_lab2
copying /home/ros/lab2/ros2_ws/build/quiksand_lab2/build/lib/quiksand_lab2/quiksand-node2.py -> /home/ros/lab2/ros2_ws/install/quiksand_lab2/lib/python3.12/site-packages/quiksand_lab2
byte-compiling /home/ros/lab2/ros2_ws/install/quiksand_lab2/lib/python3.12/site-packages/quiksand_lab2/__init__.py to __init__.cpython-312.pyc
byte-compiling /home/ros/lab2/ros2_ws/install/quiksand_lab2/lib/python3.12/site-packages/quiksand_lab2/quiksand-node2.py to quiksand-node2.cpython-312.pyc
running install_egg_info
Copying ../../build/quiksand_lab2/quiksand_lab2.egg-info to /home/ros/lab2/ros2_ws/install/quiksand_lab2/lib/python3.12/site-packages/quiksand_lab2-0.0.1-py3.12.egg-info
running install_scripts
Installing hidden_pub script to /home/ros/lab2/ros2_ws/install/quiksand_lab2/lib/quiksand_lab2
writing list of installed files to '/home/ros/lab2/ros2_ws/build/quiksand_lab2/install.log'
