[4.275s] Invoking command in '/home/ros/lab2/ros2_ws/src/quiksand_lab2': DEBUGINFOD_URLS=https://debuginfod.ubuntu.com PYTHONPATH=/home/ros/lab2/ros2_ws/build/quiksand_lab2/prefix_override:/usr/lib/python3/dist-packages/colcon_core/task/python/colcon_distutils_commands:/home/ros/lab2/ros2_ws/install/quiksand_lab2/lib/python3.12/site-packages:${PYTHONPATH} /usr/bin/python3 -W ignore:setup.py install is deprecated -W ignore:easy_install command is deprecated setup.py egg_info --egg-base ../../build/quiksand_lab2 build --build-base /home/ros/lab2/ros2_ws/build/quiksand_lab2/build install --record /home/ros/lab2/ros2_ws/build/quiksand_lab2/install.log --single-version-externally-managed
[4.456s] running egg_info
[4.456s] creating ../../build/quiksand_lab2/quiksand_lab2.egg-info
[4.472s] writing ../../build/quiksand_lab2/quiksand_lab2.egg-info/PKG-INFO
[4.472s] writing dependency_links to ../../build/quiksand_lab2/quiksand_lab2.egg-info/dependency_links.txt
[4.472s] writing entry points to ../../build/quiksand_lab2/quiksand_lab2.egg-info/entry_points.txt
[4.472s] writing requirements to ../../build/quiksand_lab2/quiksand_lab2.egg-info/requires.txt
[4.472s] writing top-level names to ../../build/quiksand_lab2/quiksand_lab2.egg-info/top_level.txt
[4.472s] writing manifest file '../../build/quiksand_lab2/quiksand_lab2.egg-info/SOURCES.txt'
[4.497s] reading manifest file '../../build/quiksand_lab2/quiksand_lab2.egg-info/SOURCES.txt'
[4.497s] writing manifest file '../../build/quiksand_lab2/quiksand_lab2.egg-info/SOURCES.txt'
[4.498s] running build
[4.498s] running build_py
[4.498s] creating /home/ros/lab2/ros2_ws/build/quiksand_lab2/build
[4.498s] creating /home/ros/lab2/ros2_ws/build/quiksand_lab2/build/lib
[4.498s] creating /home/ros/lab2/ros2_ws/build/quiksand_lab2/build/lib/quiksand_lab2
[4.498s] copying quiksand_lab2/__init__.py -> /home/ros/lab2/ros2_ws/build/quiksand_lab2/build/lib/quiksand_lab2
[4.498s] copying quiksand_lab2/quiksand-node2.py -> /home/ros/lab2/ros2_ws/build/quiksand_lab2/build/lib/quiksand_lab2
[4.499s] running install
[4.504s] running install_lib
[4.515s] creating /home/ros/lab2/ros2_ws/install/quiksand_lab2/lib/python3.12/site-packages/quiksand_lab2
[4.515s] copying /home/ros/lab2/ros2_ws/build/quiksand_lab2/build/lib/quiksand_lab2/__init__.py -> /home/ros/lab2/ros2_ws/install/quiksand_lab2/lib/python3.12/site-packages/quiksand_lab2
[4.516s] copying /home/ros/lab2/ros2_ws/build/quiksand_lab2/build/lib/quiksand_lab2/quiksand-node2.py -> /home/ros/lab2/ros2_ws/install/quiksand_lab2/lib/python3.12/site-packages/quiksand_lab2
[4.516s] byte-compiling /home/ros/lab2/ros2_ws/install/quiksand_lab2/lib/python3.12/site-packages/quiksand_lab2/__init__.py to __init__.cpython-312.pyc
[4.516s] byte-compiling /home/ros/lab2/ros2_ws/install/quiksand_lab2/lib/python3.12/site-packages/quiksand_lab2/quiksand-node2.py to quiksand-node2.cpython-312.pyc
[4.517s] running install_egg_info
[4.531s] Copying ../../build/quiksand_lab2/quiksand_lab2.egg-info to /home/ros/lab2/ros2_ws/install/quiksand_lab2/lib/python3.12/site-packages/quiksand_lab2-0.0.1-py3.12.egg-info
[4.532s] running install_scripts
[4.621s] Installing hidden_pub script to /home/ros/lab2/ros2_ws/install/quiksand_lab2/lib/quiksand_lab2
[4.621s] writing list of installed files to '/home/ros/lab2/ros2_ws/build/quiksand_lab2/install.log'
[4.647s] Invoked command in '/home/ros/lab2/ros2_ws/src/quiksand_lab2' returned '0': DEBUGINFOD_URLS=https://debuginfod.ubuntu.com PYTHONPATH=/home/ros/lab2/ros2_ws/build/quiksand_lab2/prefix_override:/usr/lib/python3/dist-packages/colcon_core/task/python/colcon_distutils_commands:/home/ros/lab2/ros2_ws/install/quiksand_lab2/lib/python3.12/site-packages:${PYTHONPATH} /usr/bin/python3 -W ignore:setup.py install is deprecated -W ignore:easy_install command is deprecated setup.py egg_info --egg-base ../../build/quiksand_lab2 build --build-base /home/ros/lab2/ros2_ws/build/quiksand_lab2/build install --record /home/ros/lab2/ros2_ws/build/quiksand_lab2/install.log --single-version-externally-managed
